<?xml version="1.0" encoding="UTF-8"?>
<testng-results skipped="0" failed="0" total="1" passed="1">
  <reporter-output>
  </reporter-output>
  <suite name="Facebook Suite" duration-ms="56367" started-at="2014-11-16T10:50:45Z" finished-at="2014-11-16T10:51:41Z">
    <groups>
    </groups>
    <test name="loginTest" duration-ms="56367" started-at="2014-11-16T10:50:45Z" finished-at="2014-11-16T10:51:41Z">
      <class name="TestLogin">
        <test-method status="PASS" signature="loginTest()[pri:0, instance:TestLogin@64521357]" name="loginTest" duration-ms="56356" started-at="2014-11-16T16:20:45Z" finished-at="2014-11-16T16:21:41Z">
          <reporter-output>
          </reporter-output>
        </test-method> <!-- loginTest -->
      </class> <!-- TestLogin -->
    </test> <!-- loginTest -->
  </suite> <!-- Facebook Suite -->
</testng-results>
